
**** Build of configuration Nios II for project eele489_memtest ****

make all 
Info: Building ../eele489_memtest_bsp/
make --no-print-directory -C ../eele489_memtest_bsp/
[BSP build complete]
Info: Compiling main.c to obj/default/main.o
nios2-elf-gcc -xc -MP -MMD -c -I../eele489_memtest_bsp//HAL/inc -I../eele489_memtest_bsp/ -I../eele489_memtest_bsp//drivers/inc  -DSYSTEM_BUS_WIDTH=32 -pipe -D__hal__ -DALT_NO_INSTRUCTION_EMULATION -DALT_SINGLE_THREADED    -O0 -g -Wall   -EL -mno-hw-div -mno-hw-mul -mno-hw-mulx  -o obj/default/main.o main.c
Info: Linking eele489_memtest.elf
nios2-elf-g++  -T'../eele489_memtest_bsp//linker.x' -msys-crt0='../eele489_memtest_bsp//obj/HAL/src/crt0.o' -msys-lib=hal_bsp -L../eele489_memtest_bsp/   -Wl,-Map=eele489_memtest.map   -O0 -g -Wall   -EL -mno-hw-div -mno-hw-mul -mno-hw-mulx  -o eele489_memtest.elf obj/default/main.o -lm 
nios2-elf-insert eele489_memtest.elf --thread_model hal --cpu_name cpu_nios --qsys true --simulation_enabled false --stderr_dev jtag_uart --stdin_dev jtag_uart --stdout_dev jtag_uart --sopc_system_name Nios_Qsys --quartus_project_dir "C:/Users/w92p177/Documents/GitHub/eele489_memtesting/EELE475-final_project/DE2_System" --sopcinfo C:/Users/w92p177/Documents/GitHub/eele489_memtesting/EELE475-final_project/DE2_System/Nios_Qsys.sopcinfo
Info: (eele489_memtest.elf) 63 KBytes program size (code + initialized data).
Info:                       8121 KBytes free for stack + heap.
Info: Creating eele489_memtest.objdump
nios2-elf-objdump --disassemble --syms --all-header --source eele489_memtest.elf >eele489_memtest.objdump
[eele489_memtest build complete]

**** Build Finished ****

**** Build of configuration Nios II for project eele489_memtest ****

make all 
Info: Building ../eele489_memtest_bsp/
make --no-print-directory -C ../eele489_memtest_bsp/
[BSP build complete]
[eele489_memtest build complete]

**** Build Finished ****

**** Build of configuration Nios II for project eele489_memtest ****

make all 
Info: Building ../eele489_memtest_bsp/
make --no-print-directory -C ../eele489_memtest_bsp/
[BSP build complete]
[eele489_memtest build complete]

**** Build Finished ****
